<?xml version="1.0" encoding="UTF-8"?>
<coverage generated="1739738913073" clover="3.2.0">
  <project timestamp="1739738913073" name="All files">
    <metrics statements="17" coveredstatements="17" conditionals="16" coveredconditionals="16" methods="2" coveredmethods="2" elements="35" coveredelements="35" complexity="0" loc="17" ncloc="17" packages="1" files="1" classes="1"/>
    <file name="gendiff.js" path="D:\Hexlet\frontend-project-46\src\gendiff.js">
      <metrics statements="17" coveredstatements="17" conditionals="16" coveredconditionals="16" methods="2" coveredmethods="2"/>
      <line num="5" count="1" type="stmt"/>
      <line num="6" count="1" type="stmt"/>
      <line num="7" count="1" type="stmt"/>
      <line num="8" count="1" type="stmt"/>
      <line num="9" count="1" type="stmt"/>
      <line num="11" count="1" type="stmt"/>
      <line num="12" count="1" type="stmt"/>
      <line num="14" count="1" type="stmt"/>
      <line num="16" count="1" type="stmt"/>
      <line num="17" count="5" type="cond" truecount="2" falsecount="0"/>
      <line num="18" count="2" type="cond" truecount="2" falsecount="0"/>
      <line num="20" count="3" type="cond" truecount="2" falsecount="0"/>
      <line num="21" count="1" type="cond" truecount="2" falsecount="0"/>
      <line num="23" count="2" type="cond" truecount="2" falsecount="0"/>
      <line num="24" count="1" type="cond" truecount="4" falsecount="0"/>
      <line num="26" count="1" type="cond" truecount="2" falsecount="0"/>
      <line num="29" count="1" type="stmt"/>
    </file>
  </project>
</coverage>
