{"D:\\Hexlet\\frontend-project-46\\src\\gendiff.js": {"path":"D:\\Hexlet\\frontend-project-46\\src\\gendiff.js","statementMap":{"0":{"start":{"line":5,"column":16},"end":{"line":30,"column":1}},"1":{"start":{"line":6,"column":26},"end":{"line":6,"column":64}},"2":{"start":{"line":7,"column":26},"end":{"line":7,"column":64}},"3":{"start":{"line":8,"column":25},"end":{"line":8,"column":64}},"4":{"start":{"line":9,"column":25},"end":{"line":9,"column":64}},"5":{"start":{"line":11,"column":18},"end":{"line":11,"column":42}},"6":{"start":{"line":12,"column":18},"end":{"line":12,"column":42}},"7":{"start":{"line":14,"column":17},"end":{"line":14,"column":74}},"8":{"start":{"line":16,"column":19},"end":{"line":27,"column":6}},"9":{"start":{"line":17,"column":8},"end":{"line":19,"column":9}},"10":{"start":{"line":18,"column":12},"end":{"line":18,"column":67}},"11":{"start":{"line":20,"column":8},"end":{"line":22,"column":9}},"12":{"start":{"line":21,"column":12},"end":{"line":21,"column":67}},"13":{"start":{"line":23,"column":8},"end":{"line":25,"column":9}},"14":{"start":{"line":24,"column":12},"end":{"line":24,"column":114}},"15":{"start":{"line":26,"column":8},"end":{"line":26,"column":63}},"16":{"start":{"line":29,"column":4},"end":{"line":29,"column":40}}},"fnMap":{"0":{"name":"(anonymous_0)","decl":{"start":{"line":5,"column":16},"end":{"line":5,"column":17}},"loc":{"start":{"line":5,"column":42},"end":{"line":30,"column":1}},"line":5},"1":{"name":"(anonymous_1)","decl":{"start":{"line":16,"column":28},"end":{"line":16,"column":29}},"loc":{"start":{"line":16,"column":37},"end":{"line":27,"column":5}},"line":16}},"branchMap":{"0":{"loc":{"start":{"line":17,"column":8},"end":{"line":19,"column":9}},"type":"if","locations":[{"start":{"line":17,"column":8},"end":{"line":19,"column":9}},{"start":{},"end":{}}],"line":17},"1":{"loc":{"start":{"line":18,"column":34},"end":{"line":18,"column":64}},"type":"binary-expr","locations":[{"start":{"line":18,"column":34},"end":{"line":18,"column":50}},{"start":{"line":18,"column":54},"end":{"line":18,"column":64}}],"line":18},"2":{"loc":{"start":{"line":20,"column":8},"end":{"line":22,"column":9}},"type":"if","locations":[{"start":{"line":20,"column":8},"end":{"line":22,"column":9}},{"start":{},"end":{}}],"line":20},"3":{"loc":{"start":{"line":21,"column":34},"end":{"line":21,"column":64}},"type":"binary-expr","locations":[{"start":{"line":21,"column":34},"end":{"line":21,"column":50}},{"start":{"line":21,"column":54},"end":{"line":21,"column":64}}],"line":21},"4":{"loc":{"start":{"line":23,"column":8},"end":{"line":25,"column":9}},"type":"if","locations":[{"start":{"line":23,"column":8},"end":{"line":25,"column":9}},{"start":{},"end":{}}],"line":23},"5":{"loc":{"start":{"line":24,"column":34},"end":{"line":24,"column":64}},"type":"binary-expr","locations":[{"start":{"line":24,"column":34},"end":{"line":24,"column":50}},{"start":{"line":24,"column":54},"end":{"line":24,"column":64}}],"line":24},"6":{"loc":{"start":{"line":24,"column":81},"end":{"line":24,"column":111}},"type":"binary-expr","locations":[{"start":{"line":24,"column":81},"end":{"line":24,"column":97}},{"start":{"line":24,"column":101},"end":{"line":24,"column":111}}],"line":24},"7":{"loc":{"start":{"line":26,"column":30},"end":{"line":26,"column":60}},"type":"binary-expr","locations":[{"start":{"line":26,"column":30},"end":{"line":26,"column":46}},{"start":{"line":26,"column":50},"end":{"line":26,"column":60}}],"line":26}},"s":{"0":1,"1":1,"2":1,"3":1,"4":1,"5":1,"6":1,"7":1,"8":1,"9":5,"10":2,"11":3,"12":1,"13":2,"14":1,"15":1,"16":1},"f":{"0":1,"1":5},"b":{"0":[2,3],"1":[2,2],"2":[1,2],"3":[1,1],"4":[1,1],"5":[1,1],"6":[1,1],"7":[1,1]},"_coverageSchema":"1a1c01bbd47fc00a2c39e90264f33305004495a9","hash":"460325dd173eeaa76aefe2adff280def01437348"}
}
