TN:
SF:src\gendiff.js
FN:5,(anonymous_0)
FN:16,(anonymous_1)
FNF:2
FNH:2
FNDA:1,(anonymous_0)
FNDA:5,(anonymous_1)
DA:5,1
DA:6,1
DA:7,1
DA:8,1
DA:9,1
DA:11,1
DA:12,1
DA:14,1
DA:16,1
DA:17,5
DA:18,2
DA:20,3
DA:21,1
DA:23,2
DA:24,1
DA:26,1
DA:29,1
LF:17
LH:17
BRDA:17,0,0,2
BRDA:17,0,1,3
BRDA:18,1,0,2
BRDA:18,1,1,2
BRDA:20,2,0,1
BRDA:20,2,1,2
BRDA:21,3,0,1
BRDA:21,3,1,1
BRDA:23,4,0,1
BRDA:23,4,1,1
BRDA:24,5,0,1
BRDA:24,5,1,1
BRDA:24,6,0,1
BRDA:24,6,1,1
BRDA:26,7,0,1
BRDA:26,7,1,1
BRF:16
BRH:16
end_of_record
